[12:07:21 WRN] No store type was specified for the decimal property 'Price' on entity type 'Book'. This will cause values to be silently truncated if they do not fit in the default precision and scale. Explicitly specify the SQL server column type that can accommodate all the values in 'OnModelCreating' using 'HasColumnType', specify precision and scale using 'HasPrecision', or configure a value converter using 'HasConversion'.
[12:07:21 WRN] No store type was specified for the decimal property 'Price' on entity type 'Book'. This will cause values to be silently truncated if they do not fit in the default precision and scale. Explicitly specify the SQL server column type that can accommodate all the values in 'OnModelCreating' using 'HasColumnType', specify precision and scale using 'HasPrecision', or configure a value converter using 'HasConversion'.
[12:08:41 WRN] No store type was specified for the decimal property 'Price' on entity type 'Book'. This will cause values to be silently truncated if they do not fit in the default precision and scale. Explicitly specify the SQL server column type that can accommodate all the values in 'OnModelCreating' using 'HasColumnType', specify precision and scale using 'HasPrecision', or configure a value converter using 'HasConversion'.
[12:08:42 ERR] Failed executing DbCommand (0ms) [Parameters=[], CommandType='"Text"', CommandTimeout='30']
CREATE TABLE [User] (
    [Accout_id] nchar(10) NOT NULL,
    [Password] nchar(10) NULL,
    [Username] nchar(10) NULL,
    CONSTRAINT [PK_User] PRIMARY KEY ([Accout_id])
);
[12:09:38 WRN] No store type was specified for the decimal property 'Price' on entity type 'Book'. This will cause values to be silently truncated if they do not fit in the default precision and scale. Explicitly specify the SQL server column type that can accommodate all the values in 'OnModelCreating' using 'HasColumnType', specify precision and scale using 'HasPrecision', or configure a value converter using 'HasConversion'.
[12:09:38 WRN] No store type was specified for the decimal property 'Price' on entity type 'Book'. This will cause values to be silently truncated if they do not fit in the default precision and scale. Explicitly specify the SQL server column type that can accommodate all the values in 'OnModelCreating' using 'HasColumnType', specify precision and scale using 'HasPrecision', or configure a value converter using 'HasConversion'.
[12:10:12 WRN] No store type was specified for the decimal property 'Price' on entity type 'Book'. This will cause values to be silently truncated if they do not fit in the default precision and scale. Explicitly specify the SQL server column type that can accommodate all the values in 'OnModelCreating' using 'HasColumnType', specify precision and scale using 'HasPrecision', or configure a value converter using 'HasConversion'.
[12:10:12 WRN] No store type was specified for the decimal property 'Price' on entity type 'Book'. This will cause values to be silently truncated if they do not fit in the default precision and scale. Explicitly specify the SQL server column type that can accommodate all the values in 'OnModelCreating' using 'HasColumnType', specify precision and scale using 'HasPrecision', or configure a value converter using 'HasConversion'.
[12:10:25 WRN] No store type was specified for the decimal property 'Price' on entity type 'Book'. This will cause values to be silently truncated if they do not fit in the default precision and scale. Explicitly specify the SQL server column type that can accommodate all the values in 'OnModelCreating' using 'HasColumnType', specify precision and scale using 'HasPrecision', or configure a value converter using 'HasConversion'.
[12:10:25 WRN] No store type was specified for the decimal property 'Price' on entity type 'Book'. This will cause values to be silently truncated if they do not fit in the default precision and scale. Explicitly specify the SQL server column type that can accommodate all the values in 'OnModelCreating' using 'HasColumnType', specify precision and scale using 'HasPrecision', or configure a value converter using 'HasConversion'.
[12:10:32 WRN] No store type was specified for the decimal property 'Price' on entity type 'Book'. This will cause values to be silently truncated if they do not fit in the default precision and scale. Explicitly specify the SQL server column type that can accommodate all the values in 'OnModelCreating' using 'HasColumnType', specify precision and scale using 'HasPrecision', or configure a value converter using 'HasConversion'.
[12:10:33 ERR] Failed executing DbCommand (0ms) [Parameters=[], CommandType='"Text"', CommandTimeout='30']
CREATE TABLE [User] (
    [Accout_id] nchar(10) NOT NULL,
    [Password] nchar(10) NULL,
    [Username] nchar(10) NULL,
    CONSTRAINT [PK_User] PRIMARY KEY ([Accout_id])
);
[12:12:22 WRN] No store type was specified for the decimal property 'Price' on entity type 'Book'. This will cause values to be silently truncated if they do not fit in the default precision and scale. Explicitly specify the SQL server column type that can accommodate all the values in 'OnModelCreating' using 'HasColumnType', specify precision and scale using 'HasPrecision', or configure a value converter using 'HasConversion'.
[12:12:22 ERR] Failed executing DbCommand (0ms) [Parameters=[], CommandType='"Text"', CommandTimeout='30']
CREATE TABLE [User] (
    [Accout_id] nchar(10) NOT NULL,
    [Password] nchar(10) NULL,
    [Username] nchar(10) NULL,
    CONSTRAINT [PK_User] PRIMARY KEY ([Accout_id])
);
[12:14:20 WRN] No store type was specified for the decimal property 'Price' on entity type 'Book'. This will cause values to be silently truncated if they do not fit in the default precision and scale. Explicitly specify the SQL server column type that can accommodate all the values in 'OnModelCreating' using 'HasColumnType', specify precision and scale using 'HasPrecision', or configure a value converter using 'HasConversion'.
[12:14:21 WRN] No store type was specified for the decimal property 'Price' on entity type 'Book'. This will cause values to be silently truncated if they do not fit in the default precision and scale. Explicitly specify the SQL server column type that can accommodate all the values in 'OnModelCreating' using 'HasColumnType', specify precision and scale using 'HasPrecision', or configure a value converter using 'HasConversion'.
[12:14:33 WRN] No store type was specified for the decimal property 'Price' on entity type 'Book'. This will cause values to be silently truncated if they do not fit in the default precision and scale. Explicitly specify the SQL server column type that can accommodate all the values in 'OnModelCreating' using 'HasColumnType', specify precision and scale using 'HasPrecision', or configure a value converter using 'HasConversion'.
[12:14:34 ERR] Failed executing DbCommand (0ms) [Parameters=[], CommandType='"Text"', CommandTimeout='30']
CREATE TABLE [User] (
    [Accout_id] nchar(10) NOT NULL,
    [Password] nchar(10) NULL,
    [Username] nchar(10) NULL,
    CONSTRAINT [PK_User] PRIMARY KEY ([Accout_id])
);
[12:15:01 WRN] No store type was specified for the decimal property 'Price' on entity type 'Book'. This will cause values to be silently truncated if they do not fit in the default precision and scale. Explicitly specify the SQL server column type that can accommodate all the values in 'OnModelCreating' using 'HasColumnType', specify precision and scale using 'HasPrecision', or configure a value converter using 'HasConversion'.
[12:15:01 WRN] No store type was specified for the decimal property 'Price' on entity type 'Book'. This will cause values to be silently truncated if they do not fit in the default precision and scale. Explicitly specify the SQL server column type that can accommodate all the values in 'OnModelCreating' using 'HasColumnType', specify precision and scale using 'HasPrecision', or configure a value converter using 'HasConversion'.
[12:18:21 WRN] No store type was specified for the decimal property 'Price' on entity type 'Book'. This will cause values to be silently truncated if they do not fit in the default precision and scale. Explicitly specify the SQL server column type that can accommodate all the values in 'OnModelCreating' using 'HasColumnType', specify precision and scale using 'HasPrecision', or configure a value converter using 'HasConversion'.
[12:18:21 WRN] No store type was specified for the decimal property 'Price' on entity type 'Book'. This will cause values to be silently truncated if they do not fit in the default precision and scale. Explicitly specify the SQL server column type that can accommodate all the values in 'OnModelCreating' using 'HasColumnType', specify precision and scale using 'HasPrecision', or configure a value converter using 'HasConversion'.
[12:19:10 WRN] No store type was specified for the decimal property 'Price' on entity type 'Book'. This will cause values to be silently truncated if they do not fit in the default precision and scale. Explicitly specify the SQL server column type that can accommodate all the values in 'OnModelCreating' using 'HasColumnType', specify precision and scale using 'HasPrecision', or configure a value converter using 'HasConversion'.
[12:19:10 WRN] No store type was specified for the decimal property 'Price' on entity type 'Book'. This will cause values to be silently truncated if they do not fit in the default precision and scale. Explicitly specify the SQL server column type that can accommodate all the values in 'OnModelCreating' using 'HasColumnType', specify precision and scale using 'HasPrecision', or configure a value converter using 'HasConversion'.
[12:19:18 WRN] No store type was specified for the decimal property 'Price' on entity type 'Book'. This will cause values to be silently truncated if they do not fit in the default precision and scale. Explicitly specify the SQL server column type that can accommodate all the values in 'OnModelCreating' using 'HasColumnType', specify precision and scale using 'HasPrecision', or configure a value converter using 'HasConversion'.
[12:19:18 WRN] No store type was specified for the decimal property 'Price' on entity type 'Book'. This will cause values to be silently truncated if they do not fit in the default precision and scale. Explicitly specify the SQL server column type that can accommodate all the values in 'OnModelCreating' using 'HasColumnType', specify precision and scale using 'HasPrecision', or configure a value converter using 'HasConversion'.
[12:21:36 WRN] No store type was specified for the decimal property 'Price' on entity type 'Book'. This will cause values to be silently truncated if they do not fit in the default precision and scale. Explicitly specify the SQL server column type that can accommodate all the values in 'OnModelCreating' using 'HasColumnType', specify precision and scale using 'HasPrecision', or configure a value converter using 'HasConversion'.
[12:21:37 WRN] No store type was specified for the decimal property 'Price' on entity type 'Book'. This will cause values to be silently truncated if they do not fit in the default precision and scale. Explicitly specify the SQL server column type that can accommodate all the values in 'OnModelCreating' using 'HasColumnType', specify precision and scale using 'HasPrecision', or configure a value converter using 'HasConversion'.
[12:21:54 WRN] No store type was specified for the decimal property 'Price' on entity type 'Book'. This will cause values to be silently truncated if they do not fit in the default precision and scale. Explicitly specify the SQL server column type that can accommodate all the values in 'OnModelCreating' using 'HasColumnType', specify precision and scale using 'HasPrecision', or configure a value converter using 'HasConversion'.
[12:21:54 WRN] No store type was specified for the decimal property 'Price' on entity type 'Book'. This will cause values to be silently truncated if they do not fit in the default precision and scale. Explicitly specify the SQL server column type that can accommodate all the values in 'OnModelCreating' using 'HasColumnType', specify precision and scale using 'HasPrecision', or configure a value converter using 'HasConversion'.
[12:22:03 WRN] No store type was specified for the decimal property 'Price' on entity type 'Book'. This will cause values to be silently truncated if they do not fit in the default precision and scale. Explicitly specify the SQL server column type that can accommodate all the values in 'OnModelCreating' using 'HasColumnType', specify precision and scale using 'HasPrecision', or configure a value converter using 'HasConversion'.
[12:22:04 WRN] No store type was specified for the decimal property 'Price' on entity type 'Book'. This will cause values to be silently truncated if they do not fit in the default precision and scale. Explicitly specify the SQL server column type that can accommodate all the values in 'OnModelCreating' using 'HasColumnType', specify precision and scale using 'HasPrecision', or configure a value converter using 'HasConversion'.
[12:23:30 WRN] No store type was specified for the decimal property 'Price' on entity type 'Book'. This will cause values to be silently truncated if they do not fit in the default precision and scale. Explicitly specify the SQL server column type that can accommodate all the values in 'OnModelCreating' using 'HasColumnType', specify precision and scale using 'HasPrecision', or configure a value converter using 'HasConversion'.
[12:29:55 WRN] No store type was specified for the decimal property 'Price' on entity type 'Book'. This will cause values to be silently truncated if they do not fit in the default precision and scale. Explicitly specify the SQL server column type that can accommodate all the values in 'OnModelCreating' using 'HasColumnType', specify precision and scale using 'HasPrecision', or configure a value converter using 'HasConversion'.
[12:29:55 WRN] No store type was specified for the decimal property 'Price' on entity type 'Book'. This will cause values to be silently truncated if they do not fit in the default precision and scale. Explicitly specify the SQL server column type that can accommodate all the values in 'OnModelCreating' using 'HasColumnType', specify precision and scale using 'HasPrecision', or configure a value converter using 'HasConversion'.
[12:30:20 WRN] No store type was specified for the decimal property 'Price' on entity type 'Book'. This will cause values to be silently truncated if they do not fit in the default precision and scale. Explicitly specify the SQL server column type that can accommodate all the values in 'OnModelCreating' using 'HasColumnType', specify precision and scale using 'HasPrecision', or configure a value converter using 'HasConversion'.
[12:30:21 ERR] Failed executing DbCommand (0ms) [Parameters=[], CommandType='"Text"', CommandTimeout='30']
CREATE TABLE [User] (
    [AccoutId] nvarchar(450) NOT NULL,
    [Name] nvarchar(max) NOT NULL,
    [Password] nvarchar(max) NULL,
    [Username] nvarchar(max) NULL,
    [Email] nvarchar(max) NOT NULL,
    [VerificationToken] nvarchar(max) NULL,
    [ResetToken] nvarchar(max) NULL,
    [ResetTokenExpire] datetime2 NULL,
    CONSTRAINT [PK_User] PRIMARY KEY ([AccoutId])
);
[12:33:41 WRN] No store type was specified for the decimal property 'Price' on entity type 'Book'. This will cause values to be silently truncated if they do not fit in the default precision and scale. Explicitly specify the SQL server column type that can accommodate all the values in 'OnModelCreating' using 'HasColumnType', specify precision and scale using 'HasPrecision', or configure a value converter using 'HasConversion'.
[12:33:41 WRN] No store type was specified for the decimal property 'Price' on entity type 'Book'. This will cause values to be silently truncated if they do not fit in the default precision and scale. Explicitly specify the SQL server column type that can accommodate all the values in 'OnModelCreating' using 'HasColumnType', specify precision and scale using 'HasPrecision', or configure a value converter using 'HasConversion'.
[12:33:49 WRN] No store type was specified for the decimal property 'Price' on entity type 'Book'. This will cause values to be silently truncated if they do not fit in the default precision and scale. Explicitly specify the SQL server column type that can accommodate all the values in 'OnModelCreating' using 'HasColumnType', specify precision and scale using 'HasPrecision', or configure a value converter using 'HasConversion'.
[12:33:49 WRN] No store type was specified for the decimal property 'Price' on entity type 'Book'. This will cause values to be silently truncated if they do not fit in the default precision and scale. Explicitly specify the SQL server column type that can accommodate all the values in 'OnModelCreating' using 'HasColumnType', specify precision and scale using 'HasPrecision', or configure a value converter using 'HasConversion'.
[12:34:39 INF] Start add new book
[12:34:40 INF] [{"Book_id":0,"Name":"chùm nho thịnh nộ","Author":"John Steinbeck","Description":"Câu chuyện xảy ra gần một thế kỷ trước: Gia đình Joad bỏ nhà cửa, ruộng đồng, mồ mả tổ tiên ở Oklahoma, tìm mọi cách chạy qua California để khỏi chết đói. ","Category":"Fiction, Nobel","Price":242.25,"Accout_id":null,"Accout":null}]
[12:35:12 INF] Start add new book
[12:35:12 INF] [{"Book_id":0,"Name":"chùm nho thịnh nộ","Author":"John Steinbeck","Description":"Câu chuyện xảy ra gần một thế kỷ trước: Gia đình Joad bỏ nhà cửa, ruộng đồng, mồ mả tổ tiên ở Oklahoma, tìm mọi cách chạy qua California để khỏi chết đói. ","Category":"Fiction, Nobel","Price":242.25,"Accout_id":null,"Accout":null}]
[12:42:11 WRN] The foreign key property 'Book.Accout_id1' was created in shadow state because a conflicting property with the simple name 'Accout_id' exists in the entity type, but is either not mapped, is already used for another relationship, or is incompatible with the associated primary key type. See https://aka.ms/efcore-relationships for information on mapping relationships in EF Core.
[12:42:11 WRN] No store type was specified for the decimal property 'Price' on entity type 'Book'. This will cause values to be silently truncated if they do not fit in the default precision and scale. Explicitly specify the SQL server column type that can accommodate all the values in 'OnModelCreating' using 'HasColumnType', specify precision and scale using 'HasPrecision', or configure a value converter using 'HasConversion'.
[12:42:11 WRN] The foreign key property 'Book.Accout_id1' was created in shadow state because a conflicting property with the simple name 'Accout_id' exists in the entity type, but is either not mapped, is already used for another relationship, or is incompatible with the associated primary key type. See https://aka.ms/efcore-relationships for information on mapping relationships in EF Core.
[12:42:11 WRN] No store type was specified for the decimal property 'Price' on entity type 'Book'. This will cause values to be silently truncated if they do not fit in the default precision and scale. Explicitly specify the SQL server column type that can accommodate all the values in 'OnModelCreating' using 'HasColumnType', specify precision and scale using 'HasPrecision', or configure a value converter using 'HasConversion'.
[12:43:02 WRN] The foreign key property 'Book.Accout_id1' was created in shadow state because a conflicting property with the simple name 'Accout_id' exists in the entity type, but is either not mapped, is already used for another relationship, or is incompatible with the associated primary key type. See https://aka.ms/efcore-relationships for information on mapping relationships in EF Core.
[12:43:02 WRN] No store type was specified for the decimal property 'Price' on entity type 'Book'. This will cause values to be silently truncated if they do not fit in the default precision and scale. Explicitly specify the SQL server column type that can accommodate all the values in 'OnModelCreating' using 'HasColumnType', specify precision and scale using 'HasPrecision', or configure a value converter using 'HasConversion'.
[12:43:02 WRN] The foreign key property 'Book.Accout_id1' was created in shadow state because a conflicting property with the simple name 'Accout_id' exists in the entity type, but is either not mapped, is already used for another relationship, or is incompatible with the associated primary key type. See https://aka.ms/efcore-relationships for information on mapping relationships in EF Core.
[12:43:02 WRN] No store type was specified for the decimal property 'Price' on entity type 'Book'. This will cause values to be silently truncated if they do not fit in the default precision and scale. Explicitly specify the SQL server column type that can accommodate all the values in 'OnModelCreating' using 'HasColumnType', specify precision and scale using 'HasPrecision', or configure a value converter using 'HasConversion'.
[12:43:16 WRN] The foreign key property 'Book.Accout_id1' was created in shadow state because a conflicting property with the simple name 'Accout_id' exists in the entity type, but is either not mapped, is already used for another relationship, or is incompatible with the associated primary key type. See https://aka.ms/efcore-relationships for information on mapping relationships in EF Core.
[12:43:16 WRN] No store type was specified for the decimal property 'Price' on entity type 'Book'. This will cause values to be silently truncated if they do not fit in the default precision and scale. Explicitly specify the SQL server column type that can accommodate all the values in 'OnModelCreating' using 'HasColumnType', specify precision and scale using 'HasPrecision', or configure a value converter using 'HasConversion'.
[12:43:16 WRN] The foreign key property 'Book.Accout_id1' was created in shadow state because a conflicting property with the simple name 'Accout_id' exists in the entity type, but is either not mapped, is already used for another relationship, or is incompatible with the associated primary key type. See https://aka.ms/efcore-relationships for information on mapping relationships in EF Core.
[12:43:16 WRN] No store type was specified for the decimal property 'Price' on entity type 'Book'. This will cause values to be silently truncated if they do not fit in the default precision and scale. Explicitly specify the SQL server column type that can accommodate all the values in 'OnModelCreating' using 'HasColumnType', specify precision and scale using 'HasPrecision', or configure a value converter using 'HasConversion'.
[12:49:50 WRN] The foreign key property 'Book.Accout_id1' was created in shadow state because a conflicting property with the simple name 'Accout_id' exists in the entity type, but is either not mapped, is already used for another relationship, or is incompatible with the associated primary key type. See https://aka.ms/efcore-relationships for information on mapping relationships in EF Core.
[12:49:50 WRN] No store type was specified for the decimal property 'Price' on entity type 'Book'. This will cause values to be silently truncated if they do not fit in the default precision and scale. Explicitly specify the SQL server column type that can accommodate all the values in 'OnModelCreating' using 'HasColumnType', specify precision and scale using 'HasPrecision', or configure a value converter using 'HasConversion'.
[12:49:50 WRN] The foreign key property 'Book.Accout_id1' was created in shadow state because a conflicting property with the simple name 'Accout_id' exists in the entity type, but is either not mapped, is already used for another relationship, or is incompatible with the associated primary key type. See https://aka.ms/efcore-relationships for information on mapping relationships in EF Core.
[12:49:50 WRN] No store type was specified for the decimal property 'Price' on entity type 'Book'. This will cause values to be silently truncated if they do not fit in the default precision and scale. Explicitly specify the SQL server column type that can accommodate all the values in 'OnModelCreating' using 'HasColumnType', specify precision and scale using 'HasPrecision', or configure a value converter using 'HasConversion'.
[12:49:59 WRN] The foreign key property 'Book.Accout_id1' was created in shadow state because a conflicting property with the simple name 'Accout_id' exists in the entity type, but is either not mapped, is already used for another relationship, or is incompatible with the associated primary key type. See https://aka.ms/efcore-relationships for information on mapping relationships in EF Core.
[12:49:59 WRN] No store type was specified for the decimal property 'Price' on entity type 'Book'. This will cause values to be silently truncated if they do not fit in the default precision and scale. Explicitly specify the SQL server column type that can accommodate all the values in 'OnModelCreating' using 'HasColumnType', specify precision and scale using 'HasPrecision', or configure a value converter using 'HasConversion'.
[12:50:00 WRN] The foreign key property 'Book.Accout_id1' was created in shadow state because a conflicting property with the simple name 'Accout_id' exists in the entity type, but is either not mapped, is already used for another relationship, or is incompatible with the associated primary key type. See https://aka.ms/efcore-relationships for information on mapping relationships in EF Core.
[12:50:00 WRN] No store type was specified for the decimal property 'Price' on entity type 'Book'. This will cause values to be silently truncated if they do not fit in the default precision and scale. Explicitly specify the SQL server column type that can accommodate all the values in 'OnModelCreating' using 'HasColumnType', specify precision and scale using 'HasPrecision', or configure a value converter using 'HasConversion'.
[12:52:39 WRN] The foreign key property 'Book.Accout_id1' was created in shadow state because a conflicting property with the simple name 'Accout_id' exists in the entity type, but is either not mapped, is already used for another relationship, or is incompatible with the associated primary key type. See https://aka.ms/efcore-relationships for information on mapping relationships in EF Core.
[12:52:39 WRN] No store type was specified for the decimal property 'Price' on entity type 'Book'. This will cause values to be silently truncated if they do not fit in the default precision and scale. Explicitly specify the SQL server column type that can accommodate all the values in 'OnModelCreating' using 'HasColumnType', specify precision and scale using 'HasPrecision', or configure a value converter using 'HasConversion'.
[12:55:55 WRN] No store type was specified for the decimal property 'Price' on entity type 'Book'. This will cause values to be silently truncated if they do not fit in the default precision and scale. Explicitly specify the SQL server column type that can accommodate all the values in 'OnModelCreating' using 'HasColumnType', specify precision and scale using 'HasPrecision', or configure a value converter using 'HasConversion'.
[12:55:55 WRN] No store type was specified for the decimal property 'Price' on entity type 'Book'. This will cause values to be silently truncated if they do not fit in the default precision and scale. Explicitly specify the SQL server column type that can accommodate all the values in 'OnModelCreating' using 'HasColumnType', specify precision and scale using 'HasPrecision', or configure a value converter using 'HasConversion'.
[12:56:06 WRN] No store type was specified for the decimal property 'Price' on entity type 'Book'. This will cause values to be silently truncated if they do not fit in the default precision and scale. Explicitly specify the SQL server column type that can accommodate all the values in 'OnModelCreating' using 'HasColumnType', specify precision and scale using 'HasPrecision', or configure a value converter using 'HasConversion'.
[12:56:07 WRN] No store type was specified for the decimal property 'Price' on entity type 'Book'. This will cause values to be silently truncated if they do not fit in the default precision and scale. Explicitly specify the SQL server column type that can accommodate all the values in 'OnModelCreating' using 'HasColumnType', specify precision and scale using 'HasPrecision', or configure a value converter using 'HasConversion'.
[16:16:49 INF] Start add new book
[16:16:50 INF] [{"Book_id":0,"Name":"chùm nho thịnh nộ","Author":"John Steinbeck","Description":"Câu chuyện xảy ra gần một thế kỷ trước: Gia đình Joad bỏ nhà cửa, ruộng đồng, mồ mả tổ tiên ở Oklahoma, tìm mọi cách chạy qua California để khỏi chết đói. ","Category":"Fiction, Nobel","Price":242.25,"Accout_id":null,"User":null}]
[16:16:58 INF] Start add new book
[16:34:48 INF] Start add new book
[16:35:11 INF] Start add new book
[16:40:57 WRN] No store type was specified for the decimal property 'Price' on entity type 'Book'. This will cause values to be silently truncated if they do not fit in the default precision and scale. Explicitly specify the SQL server column type that can accommodate all the values in 'OnModelCreating' using 'HasColumnType', specify precision and scale using 'HasPrecision', or configure a value converter using 'HasConversion'.
[16:40:57 WRN] No store type was specified for the decimal property 'Price' on entity type 'Book'. This will cause values to be silently truncated if they do not fit in the default precision and scale. Explicitly specify the SQL server column type that can accommodate all the values in 'OnModelCreating' using 'HasColumnType', specify precision and scale using 'HasPrecision', or configure a value converter using 'HasConversion'.
[16:41:28 WRN] No store type was specified for the decimal property 'Price' on entity type 'Book'. This will cause values to be silently truncated if they do not fit in the default precision and scale. Explicitly specify the SQL server column type that can accommodate all the values in 'OnModelCreating' using 'HasColumnType', specify precision and scale using 'HasPrecision', or configure a value converter using 'HasConversion'.
[16:41:28 WRN] No store type was specified for the decimal property 'Price' on entity type 'Book'. This will cause values to be silently truncated if they do not fit in the default precision and scale. Explicitly specify the SQL server column type that can accommodate all the values in 'OnModelCreating' using 'HasColumnType', specify precision and scale using 'HasPrecision', or configure a value converter using 'HasConversion'.
[16:50:45 WRN] No store type was specified for the decimal property 'Price' on entity type 'Book'. This will cause values to be silently truncated if they do not fit in the default precision and scale. Explicitly specify the SQL server column type that can accommodate all the values in 'OnModelCreating' using 'HasColumnType', specify precision and scale using 'HasPrecision', or configure a value converter using 'HasConversion'.
[16:50:45 WRN] No store type was specified for the decimal property 'Price' on entity type 'Book'. This will cause values to be silently truncated if they do not fit in the default precision and scale. Explicitly specify the SQL server column type that can accommodate all the values in 'OnModelCreating' using 'HasColumnType', specify precision and scale using 'HasPrecision', or configure a value converter using 'HasConversion'.
[16:50:55 WRN] No store type was specified for the decimal property 'Price' on entity type 'Book'. This will cause values to be silently truncated if they do not fit in the default precision and scale. Explicitly specify the SQL server column type that can accommodate all the values in 'OnModelCreating' using 'HasColumnType', specify precision and scale using 'HasPrecision', or configure a value converter using 'HasConversion'.
[16:50:56 WRN] No store type was specified for the decimal property 'Price' on entity type 'Book'. This will cause values to be silently truncated if they do not fit in the default precision and scale. Explicitly specify the SQL server column type that can accommodate all the values in 'OnModelCreating' using 'HasColumnType', specify precision and scale using 'HasPrecision', or configure a value converter using 'HasConversion'.
[23:01:16 ERR] An unhandled exception has occurred while executing the request.
System.Exception: Account Has Existed
   at CRMBook.Sevices.AuthencationServices.Register(RequestRegisterModel model) in C:\intern\CRMBook\CRMBook\Sevices\AuthencationServices.cs:line 98
   at CRMBook.Controllers.AuthenController.register(RequestRegisterModel model) in C:\intern\CRMBook\CRMBook\Controllers\AuthenController.cs:line 31
   at lambda_method3(Closure , Object , Object[] )
   at Microsoft.AspNetCore.Mvc.Infrastructure.ActionMethodExecutor.SyncActionResultExecutor.Execute(IActionResultTypeMapper mapper, ObjectMethodExecutor executor, Object controller, Object[] arguments)
   at Microsoft.AspNetCore.Mvc.Infrastructure.ControllerActionInvoker.InvokeActionMethodAsync()
   at Microsoft.AspNetCore.Mvc.Infrastructure.ControllerActionInvoker.Next(State& next, Scope& scope, Object& state, Boolean& isCompleted)
   at Microsoft.AspNetCore.Mvc.Infrastructure.ControllerActionInvoker.InvokeNextActionFilterAsync()
--- End of stack trace from previous location ---
   at Microsoft.AspNetCore.Mvc.Infrastructure.ControllerActionInvoker.Rethrow(ActionExecutedContextSealed context)
   at Microsoft.AspNetCore.Mvc.Infrastructure.ControllerActionInvoker.Next(State& next, Scope& scope, Object& state, Boolean& isCompleted)
   at Microsoft.AspNetCore.Mvc.Infrastructure.ControllerActionInvoker.InvokeInnerFilterAsync()
--- End of stack trace from previous location ---
   at Microsoft.AspNetCore.Mvc.Infrastructure.ResourceInvoker.<InvokeFilterPipelineAsync>g__Awaited|20_0(ResourceInvoker invoker, Task lastTask, State next, Scope scope, Object state, Boolean isCompleted)
   at Microsoft.AspNetCore.Mvc.Infrastructure.ResourceInvoker.<InvokeAsync>g__Awaited|17_0(ResourceInvoker invoker, Task task, IDisposable scope)
   at Microsoft.AspNetCore.Mvc.Infrastructure.ResourceInvoker.<InvokeAsync>g__Awaited|17_0(ResourceInvoker invoker, Task task, IDisposable scope)
   at Microsoft.AspNetCore.Routing.EndpointMiddleware.<Invoke>g__AwaitRequestTask|6_0(Endpoint endpoint, Task requestTask, ILogger logger)
   at Microsoft.AspNetCore.Authorization.AuthorizationMiddleware.Invoke(HttpContext context)
   at Swashbuckle.AspNetCore.SwaggerUI.SwaggerUIMiddleware.Invoke(HttpContext httpContext)
   at Swashbuckle.AspNetCore.Swagger.SwaggerMiddleware.Invoke(HttpContext httpContext, ISwaggerProvider swaggerProvider)
   at Microsoft.AspNetCore.Diagnostics.DeveloperExceptionPageMiddleware.Invoke(HttpContext context)
